==============================================================================
Suites                                                                        
==============================================================================
Suites.loginFaceBook                                                          
==============================================================================
open browser                                                          | PASS |
------------------------------------------------------------------------------
Maximize Browser Window                                               | PASS |
------------------------------------------------------------------------------
search in google word facbook                                         | PASS |
------------------------------------------------------------------------------
visit in facebook.com page                                            | PASS |
------------------------------------------------------------------------------
click buttom login enter username password and click login            | PASS |
------------------------------------------------------------------------------
Suites.loginFaceBook                                                  | PASS |
5 critical tests, 5 passed, 0 failed
5 tests total, 5 passed, 0 failed
==============================================================================
Suites                                                                | PASS |
5 critical tests, 5 passed, 0 failed
5 tests total, 5 passed, 0 failed
==============================================================================
Output:  /home/inclub9/Documents/test/pabot_results/0/output.xml
