==============================================================================
Suites                                                                        
==============================================================================
Suites.loginPantip                                                            
==============================================================================
open browser                                                          | PASS |
------------------------------------------------------------------------------
Maximize Browser Window                                               | PASS |
------------------------------------------------------------------------------
visit in facebook.com page                                            | PASS |
------------------------------------------------------------------------------
Suites.loginPantip                                                    | PASS |
3 critical tests, 3 passed, 0 failed
3 tests total, 3 passed, 0 failed
==============================================================================
Suites                                                                | PASS |
3 critical tests, 3 passed, 0 failed
3 tests total, 3 passed, 0 failed
==============================================================================
Output:  /home/inclub9/Documents/test/pabot_results/1/output.xml
